Determining if the pthread_create exist failed with the following output:
Change Dir: /home/suhailps/catkin_ws/Point-Cloud-Experiments/Region_growing/build/CMakeFiles/CMakeTmp

Run Build Command:"/usr/bin/make" "cmTC_ab182/fast"
/usr/bin/make -f CMakeFiles/cmTC_ab182.dir/build.make CMakeFiles/cmTC_ab182.dir/build
make[1]: Entering directory '/home/suhailps/catkin_ws/Point-Cloud-Experiments/Region_growing/build/CMakeFiles/CMakeTmp'
Building C object CMakeFiles/cmTC_ab182.dir/CheckSymbolExists.c.o
/usr/bin/cc     -o CMakeFiles/cmTC_ab182.dir/CheckSymbolExists.c.o   -c /home/suhailps/catkin_ws/Point-Cloud-Experiments/Region_growing/build/CMakeFiles/CMakeTmp/CheckSymbolExists.c
Linking C executable cmTC_ab182
/usr/bin/cmake -E cmake_link_script CMakeFiles/cmTC_ab182.dir/link.txt --verbose=1
/usr/bin/cc       CMakeFiles/cmTC_ab182.dir/CheckSymbolExists.c.o  -o cmTC_ab182 -rdynamic 
CMakeFiles/cmTC_ab182.dir/CheckSymbolExists.c.o: In function `main':
CheckSymbolExists.c:(.text+0x16): undefined reference to `pthread_create'
collect2: error: ld returned 1 exit status
CMakeFiles/cmTC_ab182.dir/build.make:97: recipe for target 'cmTC_ab182' failed
make[1]: *** [cmTC_ab182] Error 1
make[1]: Leaving directory '/home/suhailps/catkin_ws/Point-Cloud-Experiments/Region_growing/build/CMakeFiles/CMakeTmp'
Makefile:126: recipe for target 'cmTC_ab182/fast' failed
make: *** [cmTC_ab182/fast] Error 2

File /home/suhailps/catkin_ws/Point-Cloud-Experiments/Region_growing/build/CMakeFiles/CMakeTmp/CheckSymbolExists.c:
/* */
#include <pthread.h>

int main(int argc, char** argv)
{
  (void)argv;
#ifndef pthread_create
  return ((int*)(&pthread_create))[argc];
#else
  (void)argc;
  return 0;
#endif
}

Determining if the function pthread_create exists in the pthreads failed with the following output:
Change Dir: /home/suhailps/catkin_ws/Point-Cloud-Experiments/Region_growing/build/CMakeFiles/CMakeTmp

Run Build Command:"/usr/bin/make" "cmTC_533e3/fast"
/usr/bin/make -f CMakeFiles/cmTC_533e3.dir/build.make CMakeFiles/cmTC_533e3.dir/build
make[1]: Entering directory '/home/suhailps/catkin_ws/Point-Cloud-Experiments/Region_growing/build/CMakeFiles/CMakeTmp'
Building C object CMakeFiles/cmTC_533e3.dir/CheckFunctionExists.c.o
/usr/bin/cc    -DCHECK_FUNCTION_EXISTS=pthread_create   -o CMakeFiles/cmTC_533e3.dir/CheckFunctionExists.c.o   -c /usr/share/cmake-3.5/Modules/CheckFunctionExists.c
Linking C executable cmTC_533e3
/usr/bin/cmake -E cmake_link_script CMakeFiles/cmTC_533e3.dir/link.txt --verbose=1
/usr/bin/cc   -DCHECK_FUNCTION_EXISTS=pthread_create    CMakeFiles/cmTC_533e3.dir/CheckFunctionExists.c.o  -o cmTC_533e3 -rdynamic -lpthreads 
/usr/bin/ld: cannot find -lpthreads
collect2: error: ld returned 1 exit status
CMakeFiles/cmTC_533e3.dir/build.make:97: recipe for target 'cmTC_533e3' failed
make[1]: *** [cmTC_533e3] Error 1
make[1]: Leaving directory '/home/suhailps/catkin_ws/Point-Cloud-Experiments/Region_growing/build/CMakeFiles/CMakeTmp'
Makefile:126: recipe for target 'cmTC_533e3/fast' failed
make: *** [cmTC_533e3/fast] Error 2


