Determining if the pthread_create exist failed with the following output:
Change Dir: /home/suhailps/catkin_ws/Point-Cloud-Experiments/resampling/CMakeFiles/CMakeTmp

Run Build Command:"/usr/bin/make" "cmTC_e076e/fast"
/usr/bin/make -f CMakeFiles/cmTC_e076e.dir/build.make CMakeFiles/cmTC_e076e.dir/build
make[1]: Entering directory '/home/suhailps/catkin_ws/Point-Cloud-Experiments/resampling/CMakeFiles/CMakeTmp'
Building C object CMakeFiles/cmTC_e076e.dir/CheckSymbolExists.c.o
/usr/bin/cc     -o CMakeFiles/cmTC_e076e.dir/CheckSymbolExists.c.o   -c /home/suhailps/catkin_ws/Point-Cloud-Experiments/resampling/CMakeFiles/CMakeTmp/CheckSymbolExists.c
Linking C executable cmTC_e076e
/usr/bin/cmake -E cmake_link_script CMakeFiles/cmTC_e076e.dir/link.txt --verbose=1
/usr/bin/cc       CMakeFiles/cmTC_e076e.dir/CheckSymbolExists.c.o  -o cmTC_e076e -rdynamic 
CMakeFiles/cmTC_e076e.dir/CheckSymbolExists.c.o: In function `main':
CheckSymbolExists.c:(.text+0x16): undefined reference to `pthread_create'
collect2: error: ld returned 1 exit status
CMakeFiles/cmTC_e076e.dir/build.make:97: recipe for target 'cmTC_e076e' failed
make[1]: *** [cmTC_e076e] Error 1
make[1]: Leaving directory '/home/suhailps/catkin_ws/Point-Cloud-Experiments/resampling/CMakeFiles/CMakeTmp'
Makefile:126: recipe for target 'cmTC_e076e/fast' failed
make: *** [cmTC_e076e/fast] Error 2

File /home/suhailps/catkin_ws/Point-Cloud-Experiments/resampling/CMakeFiles/CMakeTmp/CheckSymbolExists.c:
/* */
#include <pthread.h>

int main(int argc, char** argv)
{
  (void)argv;
#ifndef pthread_create
  return ((int*)(&pthread_create))[argc];
#else
  (void)argc;
  return 0;
#endif
}

Determining if the function pthread_create exists in the pthreads failed with the following output:
Change Dir: /home/suhailps/catkin_ws/Point-Cloud-Experiments/resampling/CMakeFiles/CMakeTmp

Run Build Command:"/usr/bin/make" "cmTC_916dd/fast"
/usr/bin/make -f CMakeFiles/cmTC_916dd.dir/build.make CMakeFiles/cmTC_916dd.dir/build
make[1]: Entering directory '/home/suhailps/catkin_ws/Point-Cloud-Experiments/resampling/CMakeFiles/CMakeTmp'
Building C object CMakeFiles/cmTC_916dd.dir/CheckFunctionExists.c.o
/usr/bin/cc    -DCHECK_FUNCTION_EXISTS=pthread_create   -o CMakeFiles/cmTC_916dd.dir/CheckFunctionExists.c.o   -c /usr/share/cmake-3.5/Modules/CheckFunctionExists.c
Linking C executable cmTC_916dd
/usr/bin/cmake -E cmake_link_script CMakeFiles/cmTC_916dd.dir/link.txt --verbose=1
/usr/bin/cc   -DCHECK_FUNCTION_EXISTS=pthread_create    CMakeFiles/cmTC_916dd.dir/CheckFunctionExists.c.o  -o cmTC_916dd -rdynamic -lpthreads 
/usr/bin/ld: cannot find -lpthreads
collect2: error: ld returned 1 exit status
CMakeFiles/cmTC_916dd.dir/build.make:97: recipe for target 'cmTC_916dd' failed
make[1]: *** [cmTC_916dd] Error 1
make[1]: Leaving directory '/home/suhailps/catkin_ws/Point-Cloud-Experiments/resampling/CMakeFiles/CMakeTmp'
Makefile:126: recipe for target 'cmTC_916dd/fast' failed
make: *** [cmTC_916dd/fast] Error 2


