Determining if the pthread_create exist failed with the following output:
Change Dir: /home/suhailps/catkin_ws/Point-Cloud-Experiments/B_spline/CMakeFiles/CMakeTmp

Run Build Command:"/usr/bin/make" "cmTC_7f984/fast"
/usr/bin/make -f CMakeFiles/cmTC_7f984.dir/build.make CMakeFiles/cmTC_7f984.dir/build
make[1]: Entering directory '/home/suhailps/catkin_ws/Point-Cloud-Experiments/B_spline/CMakeFiles/CMakeTmp'
Building C object CMakeFiles/cmTC_7f984.dir/CheckSymbolExists.c.o
/usr/bin/cc     -o CMakeFiles/cmTC_7f984.dir/CheckSymbolExists.c.o   -c /home/suhailps/catkin_ws/Point-Cloud-Experiments/B_spline/CMakeFiles/CMakeTmp/CheckSymbolExists.c
Linking C executable cmTC_7f984
/usr/bin/cmake -E cmake_link_script CMakeFiles/cmTC_7f984.dir/link.txt --verbose=1
/usr/bin/cc       CMakeFiles/cmTC_7f984.dir/CheckSymbolExists.c.o  -o cmTC_7f984 -rdynamic 
CMakeFiles/cmTC_7f984.dir/CheckSymbolExists.c.o: In function `main':
CheckSymbolExists.c:(.text+0x16): undefined reference to `pthread_create'
collect2: error: ld returned 1 exit status
CMakeFiles/cmTC_7f984.dir/build.make:97: recipe for target 'cmTC_7f984' failed
make[1]: *** [cmTC_7f984] Error 1
make[1]: Leaving directory '/home/suhailps/catkin_ws/Point-Cloud-Experiments/B_spline/CMakeFiles/CMakeTmp'
Makefile:126: recipe for target 'cmTC_7f984/fast' failed
make: *** [cmTC_7f984/fast] Error 2

File /home/suhailps/catkin_ws/Point-Cloud-Experiments/B_spline/CMakeFiles/CMakeTmp/CheckSymbolExists.c:
/* */
#include <pthread.h>

int main(int argc, char** argv)
{
  (void)argv;
#ifndef pthread_create
  return ((int*)(&pthread_create))[argc];
#else
  (void)argc;
  return 0;
#endif
}

Determining if the function pthread_create exists in the pthreads failed with the following output:
Change Dir: /home/suhailps/catkin_ws/Point-Cloud-Experiments/B_spline/CMakeFiles/CMakeTmp

Run Build Command:"/usr/bin/make" "cmTC_027eb/fast"
/usr/bin/make -f CMakeFiles/cmTC_027eb.dir/build.make CMakeFiles/cmTC_027eb.dir/build
make[1]: Entering directory '/home/suhailps/catkin_ws/Point-Cloud-Experiments/B_spline/CMakeFiles/CMakeTmp'
Building C object CMakeFiles/cmTC_027eb.dir/CheckFunctionExists.c.o
/usr/bin/cc    -DCHECK_FUNCTION_EXISTS=pthread_create   -o CMakeFiles/cmTC_027eb.dir/CheckFunctionExists.c.o   -c /usr/share/cmake-3.5/Modules/CheckFunctionExists.c
Linking C executable cmTC_027eb
/usr/bin/cmake -E cmake_link_script CMakeFiles/cmTC_027eb.dir/link.txt --verbose=1
/usr/bin/cc   -DCHECK_FUNCTION_EXISTS=pthread_create    CMakeFiles/cmTC_027eb.dir/CheckFunctionExists.c.o  -o cmTC_027eb -rdynamic -lpthreads 
/usr/bin/ld: cannot find -lpthreads
collect2: error: ld returned 1 exit status
CMakeFiles/cmTC_027eb.dir/build.make:97: recipe for target 'cmTC_027eb' failed
make[1]: *** [cmTC_027eb] Error 1
make[1]: Leaving directory '/home/suhailps/catkin_ws/Point-Cloud-Experiments/B_spline/CMakeFiles/CMakeTmp'
Makefile:126: recipe for target 'cmTC_027eb/fast' failed
make: *** [cmTC_027eb/fast] Error 2


